<?xml version="1.0" encoding="utf-8"?><testsuites name="pytest tests"><testsuite name="pytest" errors="0" failures="0" skipped="0" tests="8" time="17.768" timestamp="2026-07-15T16:18:49.347519+00:00" hostname="agent-env-fd9a5b32-55f7-4155-8304-6ce4c76b35bb"><testcase classname="tests.test_hostile_backend" name="test_00_auth_sanity" time="0.539" /><testcase classname="tests.test_hostile_backend" name="test_02_empty_ledger_rejection" time="0.150" /><testcase classname="tests.test_hostile_backend" name="test_01_root_spoof_defense_and_deterministic_and_uniqueness" time="15.018" /><testcase classname="tests.test_hostile_backend" name="test_05_pii_leakage_registry" time="0.098" /><testcase classname="tests.test_hostile_backend" name="test_05_pii_leakage_verify" time="0.230" /><testcase classname="tests.test_hostile_backend" name="test_05_pii_leakage_leaderboard" time="0.444" /><testcase classname="tests.test_hostile_backend" name="test_04_rate_limiting" time="0.244" /><testcase classname="tests.test_hostile_backend" name="test_06_prompt_injection_hardening" time="0.000" /></testsuite></testsuites>