<?xml version="1.0" encoding="utf-8"?><testsuites name="pytest tests"><testsuite name="pytest" errors="0" failures="0" skipped="0" tests="14" time="2.168" timestamp="2026-07-18T13:08:14.939816+00:00" hostname="agent-env-fd9a5b32-55f7-4155-8304-6ce4c76b35bb"><testcase classname="tests.test_iteration_8_polish.TestPreviouslyLockedRegression" name="test_payments_tier" time="0.401" /><testcase classname="tests.test_iteration_8_polish.TestAuditArtifactsEndpoints" name="test_pdf_endpoint" time="0.597" /><testcase classname="tests.test_iteration_8_polish.TestPreviouslyLockedRegression" name="test_payments_portal_requires_body" time="0.107" /><testcase classname="tests.test_iteration_8_polish.TestPreviouslyLockedRegression" name="test_public_verify" time="0.125" /><testcase classname="tests.test_iteration_8_polish.TestAuditArtifactsEndpoints" name="test_board_brief_endpoint_bytes_contain_evidence_chain" time="0.354" /><testcase classname="tests.test_iteration_8_polish.TestPreviouslyLockedRegression" name="test_public_registry" time="0.148" /><testcase classname="tests.test_iteration_8_polish.TestPreviouslyLockedRegression" name="test_auth_me_with_valid_session" time="0.173" /><testcase classname="tests.test_iteration_8_polish.TestAuditArtifactsEndpoints" name="test_audit_log_endpoint" time="0.212" /><testcase classname="tests.test_iteration_8_polish.TestPreviouslyLockedRegression" name="test_auth_me_without_session_returns_401_silently" time="0.140" /><testcase classname="tests.test_iteration_8_polish.TestPreviouslyLockedRegression" name="test_stripe_webhook_endpoint_exists" time="0.108" /><testcase classname="tests.test_iteration_8_polish.TestPatchADashboardGrid" name="test_dashboard_uses_grid_cols_12" time="0.000" /><testcase classname="tests.test_iteration_8_polish.TestPatchADashboardGrid" name="test_dashboard_grid_math_header_and_row_sum_to_12" time="0.002" /><testcase classname="tests.test_iteration_8_polish.TestPatchBFetchMeSilence" name="test_fetchme_uses_validate_status" time="0.000" /><testcase classname="tests.test_iteration_8_polish.TestBoardBriefEvidenceChain" name="test_board_brief_pdf_contains_verified_evidence_chain_string" time="0.129" /></testsuite></testsuites>