<?xml version="1.0" encoding="utf-8"?><testsuites name="pytest tests"><testsuite name="pytest" errors="0" failures="0" skipped="0" tests="9" time="1.508" timestamp="2026-07-18T13:14:22.832350+00:00" hostname="agent-env-fd9a5b32-55f7-4155-8304-6ce4c76b35bb"><testcase classname="tests.test_iteration_9_auth_me_envelope.TestProtectedRoutesRegression" name="test_audits_anon_still_401" time="0.188" /><testcase classname="tests.test_iteration_9_auth_me_envelope.TestAuthMeEnvelope" name="test_anon_returns_200_authenticated_false" time="0.203" /><testcase classname="tests.test_iteration_9_auth_me_envelope.TestProtectedRoutesRegression" name="test_audits_authed" time="0.204" /><testcase classname="tests.test_iteration_9_auth_me_envelope.TestAuthMeEnvelope" name="test_random_cookie_returns_200_authenticated_false" time="0.129" /><testcase classname="tests.test_iteration_9_auth_me_envelope.TestAuthMeEnvelope" name="test_valid_cookie_returns_authenticated_true" time="0.115" /><testcase classname="tests.test_iteration_9_auth_me_envelope.TestProtectedRoutesRegression" name="test_ledger_snapshot_anon_401" time="0.112" /><testcase classname="tests.test_iteration_9_auth_me_envelope.TestAuthMeEnvelope" name="test_valid_bearer_returns_authenticated_true" time="0.110" /><testcase classname="tests.test_iteration_9_auth_me_envelope.TestProtectedRoutesRegression" name="test_settings_streak_anon_401" time="0.114" /><testcase classname="tests.test_iteration_9_auth_me_envelope.TestFrontendCallerContract" name="test_fetch_me_client_interprets_envelope" time="0.003" /></testsuite></testsuites>