<?xml version="1.0" encoding="utf-8"?><testsuites name="pytest tests"><testsuite name="pytest" errors="0" failures="2" skipped="0" tests="18" time="95.431" timestamp="2026-07-20T23:37:36.937134+00:00" hostname="agent-env-fd9a5b32-55f7-4155-8304-6ce4c76b35bb"><testcase classname="tests.test_iteration_10_anthropic_direct.TestPublicSurfaceRegression" name="test_auth_me_anon_envelope" time="0.270" /><testcase classname="tests.test_iteration_10_anthropic_direct.TestPublicSurfaceRegression" name="test_public_verify_short_root_404" time="0.150" /><testcase classname="tests.test_iteration_10_anthropic_direct.TestPublicSurfaceRegression" name="test_public_registry" time="0.156" /><testcase classname="tests.test_iteration_10_anthropic_direct.TestPublicSurfaceRegression" name="test_stripe_webhook_present" time="0.121" /><testcase classname="tests.test_iteration_10_anthropic_direct.TestPublicSurfaceRegression" name="test_payments_tier_authed" time="0.153" /><testcase classname="tests.test_iteration_10_anthropic_direct.TestEnvAndModuleContract" name="test_env_has_anthropic_api_key" time="0.000" /><testcase classname="tests.test_iteration_10_anthropic_direct.TestEnvAndModuleContract" name="test_llm_service_loads_env_override_true" time="0.000" /><testcase classname="tests.test_iteration_10_anthropic_direct.TestHeartbeatFallbackLogic" name="test_no_anthropic_key_falls_back_to_emergent" time="0.003"><failure message="ModuleNotFoundError: No module named 'llm_service'">backend/tests/test_iteration_10_anthropic_direct.py:263: in test_no_anthropic_key_falls_back_to_emergent
    import llm_service  # noqa
    ^^^^^^^^^^^^^^^^^^
E   ModuleNotFoundError: No module named 'llm_service'</failure></testcase><testcase classname="tests.test_iteration_10_anthropic_direct.TestHeartbeatFallbackLogic" name="test_no_keys_at_all_returns_offline" time="0.001"><failure message="ModuleNotFoundError: No module named 'llm_service'">backend/tests/test_iteration_10_anthropic_direct.py:287: in test_no_keys_at_all_returns_offline
    import llm_service  # noqa
    ^^^^^^^^^^^^^^^^^^
E   ModuleNotFoundError: No module named 'llm_service'</failure></testcase><testcase classname="tests.test_iteration_10_anthropic_direct.TestAnalyzeDocumentsProvenance" name="test_emergent_universal_branch" time="1.956" /><testcase classname="tests.test_iteration_10_anthropic_direct.TestSystemHeartbeat" name="test_envelope_shape" time="1.253" /><testcase classname="tests.test_iteration_10_anthropic_direct.TestSystemHeartbeat" name="test_api_connection_anthropic_direct" time="0.000" /><testcase classname="tests.test_iteration_10_anthropic_direct.TestSystemHeartbeat" name="test_extraction_logic" time="0.000" /><testcase classname="tests.test_iteration_10_anthropic_direct.TestSystemHeartbeat" name="test_legal_mapping" time="0.000" /><testcase classname="tests.test_iteration_10_anthropic_direct.TestSystemHeartbeat" name="test_merkle_root" time="0.000" /><testcase classname="tests.test_iteration_10_anthropic_direct.TestSystemHeartbeat" name="test_pdf_export" time="0.000" /><testcase classname="tests.test_iteration_10_anthropic_direct.TestAnalyzeDocumentsProvenance" name="test_offline_fallback_branch" time="0.001" /><testcase classname="tests.test_iteration_10_anthropic_direct.TestEndToEndAuditDirectRoute" name="test_audit_completes_via_claude_direct" time="91.019" /></testsuite></testsuites>