<?xml version="1.0" encoding="utf-8"?><testsuites name="pytest tests"><testsuite name="pytest" errors="0" failures="0" skipped="1" tests="57" time="83.058" timestamp="2026-07-20T19:37:04.923915+00:00" hostname="agent-env-fd9a5b32-55f7-4155-8304-6ce4c76b35bb"><testcase classname="tests.test_iteration_8_polish.TestPreviouslyLockedRegression" name="test_payments_tier" time="0.181" /><testcase classname="tests.test_iteration_8_polish.TestPreviouslyLockedRegression" name="test_payments_portal_requires_body" time="0.131" /><testcase classname="tests.test_iteration_8_polish.TestPreviouslyLockedRegression" name="test_public_verify" time="0.130" /><testcase classname="tests.test_iteration_8_polish.TestPreviouslyLockedRegression" name="test_public_registry" time="0.146" /><testcase classname="tests.test_iteration_8_polish.TestPreviouslyLockedRegression" name="test_auth_me_with_valid_session" time="0.188" /><testcase classname="tests.test_iteration_8_polish.TestPreviouslyLockedRegression" name="test_auth_me_without_session_returns_200_envelope" time="0.127" /><testcase classname="tests.test_iteration_8_polish.TestPreviouslyLockedRegression" name="test_stripe_webhook_endpoint_exists" time="0.109" /><testcase classname="tests.test_iteration_10_anthropic_direct.TestPublicSurfaceRegression" name="test_auth_me_anon_envelope" time="0.111" /><testcase classname="tests.test_iteration_10_anthropic_direct.TestPublicSurfaceRegression" name="test_public_verify_short_root_404" time="0.141" /><testcase classname="tests.test_iteration_10_anthropic_direct.TestPublicSurfaceRegression" name="test_public_registry" time="0.145" /><testcase classname="tests.test_iteration_10_anthropic_direct.TestPublicSurfaceRegression" name="test_stripe_webhook_present" time="0.113" /><testcase classname="tests.test_iteration_10_anthropic_direct.TestPublicSurfaceRegression" name="test_payments_tier_authed" time="0.110" /><testcase classname="tests.test_zero_gap_closure.TestResetEndpoint" name="test_reset_requires_auth" time="0.113" /><testcase classname="tests.test_zero_gap_closure.TestResetEndpoint" name="test_reset_nonexistent_returns_404" time="0.113" /><testcase classname="tests.test_zero_gap_closure.TestResetEndpoint" name="test_reset_draft_returns_409" time="0.264" /><testcase classname="tests.test_iteration_10_anthropic_direct.TestSystemHeartbeat" name="test_envelope_shape" time="1.979" /><testcase classname="tests.test_iteration_10_anthropic_direct.TestSystemHeartbeat" name="test_api_connection_anthropic_direct" time="0.000" /><testcase classname="tests.test_iteration_10_anthropic_direct.TestSystemHeartbeat" name="test_extraction_logic" time="0.000" /><testcase classname="tests.test_iteration_10_anthropic_direct.TestSystemHeartbeat" name="test_legal_mapping" time="0.000" /><testcase classname="tests.test_iteration_10_anthropic_direct.TestSystemHeartbeat" name="test_merkle_root" time="0.000" /><testcase classname="tests.test_iteration_10_anthropic_direct.TestSystemHeartbeat" name="test_pdf_export" time="0.000" /><testcase classname="tests.test_zero_gap_closure.TestRegression" name="test_payments_tier" time="0.139" /><testcase classname="tests.test_zero_gap_closure.TestRegression" name="test_public_verify_invalid" time="0.136" /><testcase classname="tests.test_zero_gap_closure.TestResetEndpoint" name="test_reset_failed_transitions_to_draft" time="0.472" /><testcase classname="tests.test_zero_gap_closure.TestRegression" name="test_public_registry" time="0.127" /><testcase classname="tests.test_zero_gap_closure.TestRegression" name="test_auth_me" time="0.166" /><testcase classname="tests.test_zero_gap_closure.TestRegression" name="test_regulator_sandbox_list" time="0.111"><skipped type="pytest.skip" message="regulator sandbox list endpoint not present">/app/backend/tests/test_zero_gap_closure.py:261: regulator sandbox list endpoint not present</skipped></testcase><testcase classname="tests.test_zero_gap_closure.TestResetEndpoint" name="test_reset_non_owner_returns_404" time="0.243" /><testcase classname="tests.test_iteration_9_auth_me_envelope.TestProtectedRoutesRegression" name="test_audits_anon_still_401" time="0.119" /><testcase classname="tests.test_iteration_9_auth_me_envelope.TestProtectedRoutesRegression" name="test_audits_authed" time="0.137" /><testcase classname="tests.test_iteration_9_auth_me_envelope.TestAuthMeEnvelope" name="test_anon_returns_200_authenticated_false" time="0.119" /><testcase classname="tests.test_iteration_9_auth_me_envelope.TestProtectedRoutesRegression" name="test_ledger_snapshot_anon_401" time="0.127" /><testcase classname="tests.test_iteration_9_auth_me_envelope.TestAuthMeEnvelope" name="test_random_cookie_returns_200_authenticated_false" time="0.123" /><testcase classname="tests.test_iteration_9_auth_me_envelope.TestProtectedRoutesRegression" name="test_settings_streak_anon_401" time="0.119" /><testcase classname="tests.test_iteration_9_auth_me_envelope.TestAuthMeEnvelope" name="test_valid_cookie_returns_authenticated_true" time="0.130" /><testcase classname="tests.test_zero_gap_closure.TestPdfService" name="test_no_courier_or_helvetica_refs" time="0.002" /><testcase classname="tests.test_zero_gap_closure.TestPdfService" name="test_ttf_files_present" time="0.000" /><testcase classname="tests.test_zero_gap_closure.TestPdfService" name="test_board_brief_generation" time="0.200" /><testcase classname="tests.test_iteration_9_auth_me_envelope.TestAuthMeEnvelope" name="test_valid_bearer_returns_authenticated_true" time="0.150" /><testcase classname="tests.test_zero_gap_closure.TestPdfService" name="test_board_brief_uses_surface" time="0.000" /><testcase classname="tests.test_iteration_10_anthropic_direct.TestEnvAndModuleContract" name="test_env_has_anthropic_api_key" time="0.000" /><testcase classname="tests.test_iteration_10_anthropic_direct.TestEnvAndModuleContract" name="test_llm_service_loads_env_override_true" time="0.001" /><testcase classname="tests.test_iteration_10_anthropic_direct.TestHeartbeatFallbackLogic" name="test_no_anthropic_key_falls_back_to_emergent" time="3.049" /><testcase classname="tests.test_iteration_8_polish.TestAuditArtifactsEndpoints" name="test_pdf_endpoint" time="0.543" /><testcase classname="tests.test_iteration_8_polish.TestAuditArtifactsEndpoints" name="test_board_brief_endpoint_bytes_contain_evidence_chain" time="0.450" /><testcase classname="tests.test_iteration_8_polish.TestAuditArtifactsEndpoints" name="test_audit_log_endpoint" time="0.269" /><testcase classname="tests.test_iteration_8_polish.TestPatchADashboardGrid" name="test_dashboard_uses_grid_cols_12" time="0.002" /><testcase classname="tests.test_iteration_8_polish.TestPatchADashboardGrid" name="test_dashboard_grid_math_header_and_row_sum_to_12" time="0.002" /><testcase classname="tests.test_zero_gap_closure.TestUploadCeiling" name="test_max_upload_bytes_constant" time="0.000" /><testcase classname="tests.test_zero_gap_closure.TestUploadCeiling" name="test_oversize_upload_rejected" time="1.327" /><testcase classname="tests.test_iteration_10_anthropic_direct.TestEndToEndAuditDirectRoute" name="test_audit_completes_via_claude_direct" time="75.760" /><testcase classname="tests.test_iteration_10_anthropic_direct.TestHeartbeatFallbackLogic" name="test_no_keys_at_all_returns_offline" time="0.001" /><testcase classname="tests.test_iteration_10_anthropic_direct.TestAnalyzeDocumentsProvenance" name="test_emergent_universal_branch" time="0.001" /><testcase classname="tests.test_iteration_10_anthropic_direct.TestAnalyzeDocumentsProvenance" name="test_offline_fallback_branch" time="0.001" /><testcase classname="tests.test_iteration_8_polish.TestBoardBriefEvidenceChain" name="test_board_brief_pdf_contains_verified_evidence_chain_string" time="0.052" /><testcase classname="tests.test_iteration_9_auth_me_envelope.TestFrontendCallerContract" name="test_fetch_me_client_interprets_envelope" time="0.002" /><testcase classname="tests.test_iteration_8_polish.TestPatchBFetchMeSilence" name="test_fetchme_uses_envelope_contract" time="0.000" /></testsuite></testsuites>