<?xml version="1.0" encoding="utf-8"?><testsuites name="pytest tests"><testsuite name="pytest" errors="0" failures="0" skipped="0" tests="36" time="14.758" timestamp="2026-07-16T17:48:09.913982+00:00" hostname="agent-env-fd9a5b32-55f7-4155-8304-6ce4c76b35bb"><testcase classname="tests.test_billing_tier_portal.TestAuthGating" name="test_tier_requires_auth" time="0.211" /><testcase classname="tests.test_billing_tier_portal.TestAuthGating" name="test_tier_bad_session_401" time="0.142" /><testcase classname="tests.test_billing_tier_portal.TestAuthGating" name="test_portal_requires_auth" time="0.129" /><testcase classname="tests.test_billing_tier_portal.TestTierFreeUser" name="test_no_transactions_returns_free" time="0.180" /><testcase classname="tests.test_billing_tier_portal.TestTierFreeUser" name="test_portal_free_user_400" time="0.109" /><testcase classname="tests.test_billing_tier_portal.TestTierCanceledSub" name="test_nonexistent_sub_returns_free" time="0.279" /><testcase classname="tests.test_billing_tier_portal.TestTierActiveSubscription" name="test_active_sub_tier" time="4.316" /><testcase classname="tests.test_billing_tier_portal.TestTierActiveSubscription" name="test_portal_paid_user_returns_url" time="1.241" /><testcase classname="tests.test_billing_tier_portal.TestWebhookUserLinking" name="test_snapshot_payload_links_customer" time="0.133" /><testcase classname="tests.test_billing_tier_portal.TestWebhookUserLinking" name="test_thin_payload_links_customer" time="1.487" /><testcase classname="tests.test_billing_tier_portal.TestCheckoutUserIdPersistence" name="test_user_id_persisted_in_row" time="0.581" /><testcase classname="tests.test_stripe_billing.TestEnvHygiene" name="test_no_residual_sandbox_env_vars" time="0.000" /><testcase classname="tests.test_stripe_billing.TestEnvHygiene" name="test_stripe_api_key_present" time="0.000" /><testcase classname="tests.test_stripe_billing.TestPlanCatalog" name="test_plans_dict_contents" time="0.163" /><testcase classname="tests.test_stripe_billing.TestCheckoutHappyPath" name="test_monthly" time="0.545" /><testcase classname="tests.test_stripe_billing.TestCheckoutHappyPath" name="test_yearly" time="0.419" /><testcase classname="tests.test_stripe_billing.TestSessionShape" name="test_account_is_user_account" time="0.495" /><testcase classname="tests.test_stripe_billing.TestSessionShape" name="test_monthly_session_details" time="0.629" /><testcase classname="tests.test_stripe_billing.TestSessionShape" name="test_yearly_session_details" time="0.663" /><testcase classname="tests.test_stripe_billing.TestCheckoutValidation" name="test_invalid_plan_id_enterprise" time="0.054" /><testcase classname="tests.test_stripe_billing.TestCheckoutValidation" name="test_invalid_plan_id_random" time="0.054" /><testcase classname="tests.test_stripe_billing.TestCheckoutValidation" name="test_missing_origin_url" time="0.054" /><testcase classname="tests.test_stripe_billing.TestCheckoutValidation" name="test_empty_body" time="0.051" /><testcase classname="tests.test_stripe_billing.TestPersistence" name="test_row_persisted_before_response" time="0.512" /><testcase classname="tests.test_stripe_billing.TestPersistence" name="test_idempotency_distinct_rows" time="0.968" /><testcase classname="tests.test_stripe_billing.TestPaymentStatus" name="test_status_fresh_session_shape" time="0.654" /><testcase classname="tests.test_stripe_billing.TestPaymentStatus" name="test_status_unknown_404" time="0.055" /><testcase classname="tests.test_stripe_billing.TestWebhookPaths" name="test_new_webhook_rejects_missing_sig" time="0.058" /><testcase classname="tests.test_stripe_billing.TestWebhookPaths" name="test_new_webhook_rejects_bad_sig" time="0.063" /><testcase classname="tests.test_stripe_billing.TestWebhookPaths" name="test_old_webhook_path_removed" time="0.057" /><testcase classname="tests.test_stripe_billing.TestRegression" name="test_public_registry" time="0.079" /><testcase classname="tests.test_stripe_billing.TestRegression" name="test_public_leaderboard" time="0.065" /><testcase classname="tests.test_stripe_billing.TestRegression" name="test_public_verify_invalid_root" time="0.056" /><testcase classname="tests.test_stripe_billing.TestRegression" name="test_regulator_sandbox_requires_auth" time="0.054" /><testcase classname="tests.test_stripe_billing.TestRegression" name="test_audits_requires_auth" time="0.055" /><testcase classname="tests.test_stripe_billing.TestRegression" name="test_auth_session_empty_body" time="0.062" /></testsuite></testsuites>