<?xml version="1.0" encoding="utf-8"?><testsuites name="pytest tests"><testsuite name="pytest" errors="0" failures="2" skipped="0" tests="16" time="96.787" timestamp="2026-07-20T19:19:45.449233+00:00" hostname="agent-env-fd9a5b32-55f7-4155-8304-6ce4c76b35bb"><testcase classname="tests.test_iteration_10_anthropic_direct.TestPublicSurfaceRegression" name="test_auth_me_anon_envelope" time="0.312" /><testcase classname="tests.test_iteration_10_anthropic_direct.TestPublicSurfaceRegression" name="test_public_verify_short_root_404" time="0.230" /><testcase classname="tests.test_iteration_10_anthropic_direct.TestPublicSurfaceRegression" name="test_public_registry" time="2.272" /><testcase classname="tests.test_iteration_10_anthropic_direct.TestSystemHeartbeat" name="test_envelope_shape" time="1.925" /><testcase classname="tests.test_iteration_10_anthropic_direct.TestSystemHeartbeat" name="test_api_connection_anthropic_direct" time="0.000" /><testcase classname="tests.test_iteration_10_anthropic_direct.TestSystemHeartbeat" name="test_extraction_logic" time="0.000" /><testcase classname="tests.test_iteration_10_anthropic_direct.TestSystemHeartbeat" name="test_legal_mapping" time="0.000" /><testcase classname="tests.test_iteration_10_anthropic_direct.TestSystemHeartbeat" name="test_merkle_root" time="0.000" /><testcase classname="tests.test_iteration_10_anthropic_direct.TestSystemHeartbeat" name="test_pdf_export" time="0.000" /><testcase classname="tests.test_iteration_10_anthropic_direct.TestEnvAndModuleContract" name="test_env_has_anthropic_api_key" time="0.001"><failure message="AssertionError: Not an anthropic-formatted key&#10;assert False&#10; +  where False = &lt;built-in method startswith of str object at 0xfdcf8ad011b0&gt;('sk-ant-')&#10; +    where &lt;built-in method startswith of str object at 0xfdcf8ad011b0&gt; = '&quot;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&quot;'.startswith">tests/test_iteration_10_anthropic_direct.py:136: in test_env_has_anthropic_api_key
    assert val.startswith("sk-ant-"), "Not an anthropic-formatted key"
E   AssertionError: Not an anthropic-formatted key
E   assert False
E    +  where False = &lt;built-in method startswith of str object at 0xfdcf8ad011b0&gt;('sk-ant-')
E    +    where &lt;built-in method startswith of str object at 0xfdcf8ad011b0&gt; = '"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"'.startswith</failure></testcase><testcase classname="tests.test_iteration_10_anthropic_direct.TestEnvAndModuleContract" name="test_llm_service_loads_env_override_true" time="0.000" /><testcase classname="tests.test_iteration_10_anthropic_direct.TestHeartbeatFallbackLogic" name="test_no_anthropic_key_falls_back_to_emergent" time="1.928" /><testcase classname="tests.test_iteration_10_anthropic_direct.TestPublicSurfaceRegression" name="test_stripe_webhook_present" time="1.513" /><testcase classname="tests.test_iteration_10_anthropic_direct.TestHeartbeatFallbackLogic" name="test_no_keys_at_all_returns_offline" time="0.001" /><testcase classname="tests.test_iteration_10_anthropic_direct.TestEndToEndAuditDirectRoute" name="test_audit_completes_via_claude_direct" time="91.014"><failure message="AssertionError: expected 'claude direct · in=… out=…' log line proving anthropic-direct path was used. Got: initializing audit engine · case=aud_6b7e015c || client: test_i10_direct · nace c.10 · fy2024 || extracted [evidence.txt] · 266 chars || file extraction complete || structuring intake buckets: operational_energy · supply_chain · human_social · context || loading nace c.10 regulatory benchmarks || loading csrd/esrs taxonomy · 12 datapoints armed || loading csddd, eu taxonomy art. 8, sfdr pai matrix || payload sealed · handoff to logic engine || boot: claude sonnet 4.5 · anthropic:claude-sonnet-4-5-20250929 || gap analysis · scanning scope 1/2/3 disclosures || cross-referencing esrs e1-6 emissions requirements || scanning for csrd art. 19a breaches || legal mapping · csddd supplier due-diligence tiers || probing eu taxonomy art. 8 substantial-contribution + dnsh || materiality assessment · d&#10;assert 'claude direct' in 'initializing audit engine · case=aud_6b7e015c || client: test_i10_direct · nace c.10 · fy2024 || extracted [evidence.txt] · 266 chars || file extraction complete || structuring intake buckets: operational_energy · supply_chain · human_social · context || loading nace c.10 regulatory benchmarks || loading csrd/esrs taxonomy · 12 datapoints armed || loading csddd, eu taxonomy art. 8, sfdr pai matrix || payload sealed · handoff to logic engine || boot: claude sonnet 4.5 · anthropic:claude-sonnet-4-5-20250929 || gap analysis · scanning scope 1/2/3 disclosures || cross-referencing esrs e1-6 emissions requirements || scanning for csrd art. 19a breaches || legal mapping · csddd supplier due-diligence tiers || probing eu taxonomy art. 8 substantial-contribution + dnsh || materiality assessment · double materiality axis || scope 3 ghg emissions (category-level breakdown) · esrs e1-6, ghg protocol corporate standard · missing || eu taxonomy alignment kpis (capex, opex, revenue) · eu taxonomy regulation art. 8, csrd art. 19a(1) · missing || multi-tier supply chain due diligence (beyond tier-1) · esrs s2-1, csdd directive (forthcoming), sfdr pai indicator 10 · non_compliant || water consump...derate || opportunity find · ranking roadmap by € recoverable || → implement comprehensive energy efficiency program across production facilities with led retrofits, variable frequency drives, heat recovery systems, and boiler optimization · €850,000 · payback 17 mo || → deploy supplier engagement program for scope 3 reduction targeting top 30 suppliers with collaborative emission reduction projects and renewable energy incentives · €620,000 · payback 5 mo || → establish circular economy initiative converting organic waste to biogas for on-site energy generation and selling digestate as organic fertilizer · €380,000 · payback 30 mo || → optimize logistics network through route optimization software, modal shift to rail for long-haul, and consolidated shipments reducing scope 3 category 4+9 emissions · €340,000 · payback 3 mo || → implement water recycling and closed-loop cooling systems at high water-stress facilities with reverse osmosis treatment for process water reuse · €190,000 · payback 33 mo || composing board brief cover sheet || sealing detailed findings dossier + technical appendix || signing pdf · sha-256 audit trail attached || audit complete · compliance_score=42/100'">tests/test_iteration_10_anthropic_direct.py:197: in test_audit_completes_via_claude_direct
    assert "claude direct" in combined, \
E   AssertionError: expected 'claude direct · in=… out=…' log line proving anthropic-direct path was used. Got: initializing audit engine · case=aud_6b7e015c || client: test_i10_direct · nace c.10 · fy2024 || extracted [evidence.txt] · 266 chars || file extraction complete || structuring intake buckets: operational_energy · supply_chain · human_social · context || loading nace c.10 regulatory benchmarks || loading csrd/esrs taxonomy · 12 datapoints armed || loading csddd, eu taxonomy art. 8, sfdr pai matrix || payload sealed · handoff to logic engine || boot: claude sonnet 4.5 · anthropic:claude-sonnet-4-5-20250929 || gap analysis · scanning scope 1/2/3 disclosures || cross-referencing esrs e1-6 emissions requirements || scanning for csrd art. 19a breaches || legal mapping · csddd supplier due-diligence tiers || probing eu taxonomy art. 8 substantial-contribution + dnsh || materiality assessment · d
E   assert 'claude direct' in 'initializing audit engine · case=aud_6b7e015c || client: test_i10_direct · nace c.10 · fy2024 || extracted [evidence.txt] · 266 chars || file extraction complete || structuring intake buckets: operational_energy · supply_chain · human_social · context || loading nace c.10 regulatory benchmarks || loading csrd/esrs taxonomy · 12 datapoints armed || loading csddd, eu taxonomy art. 8, sfdr pai matrix || payload sealed · handoff to logic engine || boot: claude sonnet 4.5 · anthropic:claude-sonnet-4-5-20250929 || gap analysis · scanning scope 1/2/3 disclosures || cross-referencing esrs e1-6 emissions requirements || scanning for csrd art. 19a breaches || legal mapping · csddd supplier due-diligence tiers || probing eu taxonomy art. 8 substantial-contribution + dnsh || materiality assessment · double materiality axis || scope 3 ghg emissions (category-level breakdown) · esrs e1-6, ghg protocol corporate standard · missing || eu taxonomy alignment kpis (capex, opex, revenue) · eu taxonomy regulation art. 8, csrd art. 19a(1) · missing || multi-tier supply chain due diligence (beyond tier-1) · esrs s2-1, csdd directive (forthcoming), sfdr pai indicator 10 · non_compliant || water consump...derate || opportunity find · ranking roadmap by € recoverable || → implement comprehensive energy efficiency program across production facilities with led retrofits, variable frequency drives, heat recovery systems, and boiler optimization · €850,000 · payback 17 mo || → deploy supplier engagement program for scope 3 reduction targeting top 30 suppliers with collaborative emission reduction projects and renewable energy incentives · €620,000 · payback 5 mo || → establish circular economy initiative converting organic waste to biogas for on-site energy generation and selling digestate as organic fertilizer · €380,000 · payback 30 mo || → optimize logistics network through route optimization software, modal shift to rail for long-haul, and consolidated shipments reducing scope 3 category 4+9 emissions · €340,000 · payback 3 mo || → implement water recycling and closed-loop cooling systems at high water-stress facilities with reverse osmosis treatment for process water reuse · €190,000 · payback 33 mo || composing board brief cover sheet || sealing detailed findings dossier + technical appendix || signing pdf · sha-256 audit trail attached || audit complete · compliance_score=42/100'</failure></testcase><testcase classname="tests.test_iteration_10_anthropic_direct.TestPublicSurfaceRegression" name="test_payments_tier_authed" time="1.896" /></testsuite></testsuites>