<?xml version="1.0" encoding="utf-8"?><testsuites name="pytest tests"><testsuite name="pytest" errors="0" failures="1" skipped="0" tests="18" time="14.787" timestamp="2026-07-16T15:12:31.570472+00:00" hostname="agent-env-fd9a5b32-55f7-4155-8304-6ce4c76b35bb"><testcase classname="tests.test_regulator_sandbox.TestAuth" name="test_missing_header_401" time="0.176" /><testcase classname="tests.test_regulator_sandbox.TestAuth" name="test_invalid_key_401" time="0.126" /><testcase classname="tests.test_regulator_sandbox.TestAuth" name="test_expired_key_401" time="1.667" /><testcase classname="tests.test_regulator_sandbox.TestEndpoints" name="test_whoami" time="1.031" /><testcase classname="tests.test_regulator_sandbox.TestEndpoints" name="test_adoption" time="0.112" /><testcase classname="tests.test_regulator_sandbox.TestEndpoints" name="test_streaks" time="0.156" /><testcase classname="tests.test_regulator_sandbox.TestEndpoints" name="test_scores" time="0.107" /><testcase classname="tests.test_regulator_sandbox.TestEndpoints" name="test_volatility" time="0.145" /><testcase classname="tests.test_regulator_sandbox.TestZeroPII" name="test_no_pii_across_all_endpoints" time="0.888" /><testcase classname="tests.test_regulator_sandbox.TestRegistryMasterRoot" name="test_master_root_matches_sha256_of_snapshots" time="1.067" /><testcase classname="tests.test_regulator_sandbox.TestRateLimit" name="test_11th_request_returns_429" time="3.245" /><testcase classname="tests.test_regulator_sandbox.TestRateLimit" name="test_different_keys_isolated" time="3.300" /><testcase classname="tests.test_regulator_sandbox.TestTTLIndex" name="test_ttl_index_present" time="0.001" /><testcase classname="tests.test_regulator_sandbox.TestIdempotency" name="test_two_keys_work_independently" time="2.221" /><testcase classname="tests.test_regulator_sandbox.TestSessionBSONDate" name="test_session_expires_at_is_bson_date" time="0.004" /><testcase classname="tests.test_regulator_sandbox.TestPublicRegression" name="test_public_registry" time="0.113" /><testcase classname="tests.test_regulator_sandbox.TestPublicRegression" name="test_public_leaderboard" time="0.124" /><testcase classname="tests.test_regulator_sandbox.TestPublicRegression" name="test_auth_session_missing_creds" time="0.116"><failure message="AssertionError: unexpected 500: Internal Server Error&#10;assert 500 in (400, 401, 422)&#10; +  where 500 = &lt;Response [500]&gt;.status_code">E   AssertionError: unexpected 500: Internal Server Error
    assert 500 in (400, 401, 422)
     +  where 500 = &lt;Response [500]&gt;.status_code</failure></testcase></testsuite></testsuites>