<?xml version="1.0" encoding="utf-8"?><testsuites name="pytest tests"><testsuite name="pytest" errors="0" failures="0" skipped="0" tests="21" time="10.010" timestamp="2026-07-16T16:21:24.135516+00:00" hostname="agent-env-fd9a5b32-55f7-4155-8304-6ce4c76b35bb"><testcase classname="tests.test_stripe_billing.TestCheckoutValidation" name="test_invalid_lookup_key_422" time="0.339" /><testcase classname="tests.test_stripe_billing.TestRegression" name="test_public_registry" time="0.324" /><testcase classname="tests.test_stripe_billing.TestRegression" name="test_public_verify_unknown_returns_404" time="0.061" /><testcase classname="tests.test_stripe_billing.TestCheckoutValidation" name="test_missing_origin_url_422" time="0.105" /><testcase classname="tests.test_stripe_billing.TestRegression" name="test_regulator_sandbox_requires_auth" time="0.056" /><testcase classname="tests.test_stripe_billing.TestRegression" name="test_auth_session_no_body_now_400_or_422" time="0.058" /><testcase classname="tests.test_stripe_billing.TestCheckoutValidation" name="test_empty_body_422" time="0.061" /><testcase classname="tests.test_stripe_billing.TestRegression" name="test_audits_requires_auth" time="0.056" /><testcase classname="tests.test_stripe_billing.TestCheckoutValidation" name="test_quantity_out_of_range" time="0.093" /><testcase classname="tests.test_stripe_billing.TestCheckoutHappyPath" name="test_monthly_returns_valid_stripe_url" time="1.788" /><testcase classname="tests.test_stripe_billing.TestPaymentTransactionsPersistence" name="test_monthly_row_persisted_with_correct_amount" time="1.838" /><testcase classname="tests.test_stripe_billing.TestCheckoutHappyPath" name="test_yearly_returns_distinct_url" time="3.951" /><testcase classname="tests.test_stripe_billing.TestPaymentTransactionsPersistence" name="test_yearly_row_persisted_with_correct_amount" time="2.130" /><testcase classname="tests.test_stripe_billing.TestPaymentTransactionsPersistence" name="test_idempotency_two_distinct_rows" time="3.226" /><testcase classname="tests.test_stripe_billing.TestPaymentStatus" name="test_status_fresh_session" time="1.599" /><testcase classname="tests.test_stripe_billing.TestWebhookSignature" name="test_missing_signature_returns_400" time="0.185" /><testcase classname="tests.test_stripe_billing.TestPaymentStatus" name="test_status_unknown_returns_404" time="0.061" /><testcase classname="tests.test_stripe_billing.TestWebhookSignature" name="test_invalid_signature_returns_400" time="0.096" /><testcase classname="tests.test_stripe_billing.TestStripeCatalog" name="test_prices_match_expected_amounts" time="0.355" /><testcase classname="tests.test_stripe_billing.TestSessionUrls" name="test_success_cancel_url_pattern" time="1.039" /><testcase classname="tests.test_stripe_billing.TestIndexes" name="test_session_id_unique_and_created_at_desc" time="0.085" /></testsuite></testsuites>