<?xml version="1.0" encoding="utf-8"?><testsuites name="pytest tests"><testsuite name="pytest" errors="0" failures="0" skipped="0" tests="25" time="6.467" timestamp="2026-07-16T16:53:28.837987+00:00" hostname="agent-env-fd9a5b32-55f7-4155-8304-6ce4c76b35bb"><testcase classname="tests.test_stripe_billing.TestEnvHygiene" name="test_no_residual_sandbox_env_vars" time="0.000" /><testcase classname="tests.test_stripe_billing.TestEnvHygiene" name="test_stripe_api_key_present" time="0.000" /><testcase classname="tests.test_stripe_billing.TestPlanCatalog" name="test_plans_dict_contents" time="0.172" /><testcase classname="tests.test_stripe_billing.TestCheckoutHappyPath" name="test_monthly" time="1.020" /><testcase classname="tests.test_stripe_billing.TestCheckoutHappyPath" name="test_yearly" time="0.433" /><testcase classname="tests.test_stripe_billing.TestSessionShape" name="test_account_is_user_account" time="0.533" /><testcase classname="tests.test_stripe_billing.TestSessionShape" name="test_monthly_session_details" time="0.710" /><testcase classname="tests.test_stripe_billing.TestSessionShape" name="test_yearly_session_details" time="0.595" /><testcase classname="tests.test_stripe_billing.TestCheckoutValidation" name="test_invalid_plan_id_enterprise" time="0.059" /><testcase classname="tests.test_stripe_billing.TestCheckoutValidation" name="test_invalid_plan_id_random" time="0.056" /><testcase classname="tests.test_stripe_billing.TestCheckoutValidation" name="test_missing_origin_url" time="0.048" /><testcase classname="tests.test_stripe_billing.TestCheckoutValidation" name="test_empty_body" time="0.060" /><testcase classname="tests.test_stripe_billing.TestPersistence" name="test_row_persisted_before_response" time="0.500" /><testcase classname="tests.test_stripe_billing.TestPersistence" name="test_idempotency_distinct_rows" time="0.939" /><testcase classname="tests.test_stripe_billing.TestPaymentStatus" name="test_status_fresh_session_shape" time="0.634" /><testcase classname="tests.test_stripe_billing.TestPaymentStatus" name="test_status_unknown_404" time="0.048" /><testcase classname="tests.test_stripe_billing.TestWebhookPaths" name="test_new_webhook_rejects_missing_sig" time="0.053" /><testcase classname="tests.test_stripe_billing.TestWebhookPaths" name="test_new_webhook_rejects_bad_sig" time="0.052" /><testcase classname="tests.test_stripe_billing.TestWebhookPaths" name="test_old_webhook_path_removed" time="0.053" /><testcase classname="tests.test_stripe_billing.TestRegression" name="test_public_registry" time="0.052" /><testcase classname="tests.test_stripe_billing.TestRegression" name="test_public_leaderboard" time="0.059" /><testcase classname="tests.test_stripe_billing.TestRegression" name="test_public_verify_invalid_root" time="0.052" /><testcase classname="tests.test_stripe_billing.TestRegression" name="test_regulator_sandbox_requires_auth" time="0.127" /><testcase classname="tests.test_stripe_billing.TestRegression" name="test_audits_requires_auth" time="0.057" /><testcase classname="tests.test_stripe_billing.TestRegression" name="test_auth_session_empty_body" time="0.050" /></testsuite></testsuites>