<?xml version="1.0" encoding="utf-8"?><testsuites name="pytest tests"><testsuite name="pytest" errors="0" failures="0" skipped="1" tests="16" time="3.278" timestamp="2026-07-18T12:53:45.637917+00:00" hostname="agent-env-fd9a5b32-55f7-4155-8304-6ce4c76b35bb"><testcase classname="tests.test_zero_gap_closure.TestResetEndpoint" name="test_reset_requires_auth" time="0.169" /><testcase classname="tests.test_zero_gap_closure.TestRegression" name="test_payments_tier" time="0.214" /><testcase classname="tests.test_zero_gap_closure.TestRegression" name="test_public_verify_invalid" time="0.106" /><testcase classname="tests.test_zero_gap_closure.TestResetEndpoint" name="test_reset_nonexistent_returns_404" time="0.196" /><testcase classname="tests.test_zero_gap_closure.TestRegression" name="test_public_registry" time="0.123" /><testcase classname="tests.test_zero_gap_closure.TestResetEndpoint" name="test_reset_draft_returns_409" time="0.208" /><testcase classname="tests.test_zero_gap_closure.TestRegression" name="test_auth_me" time="0.109" /><testcase classname="tests.test_zero_gap_closure.TestRegression" name="test_regulator_sandbox_list" time="0.096"><skipped type="pytest.skip" message="regulator sandbox list endpoint not present">/app/backend/tests/test_zero_gap_closure.py:261: regulator sandbox list endpoint not present</skipped></testcase><testcase classname="tests.test_zero_gap_closure.TestResetEndpoint" name="test_reset_failed_transitions_to_draft" time="0.386" /><testcase classname="tests.test_zero_gap_closure.TestPdfService" name="test_no_courier_or_helvetica_refs" time="0.001" /><testcase classname="tests.test_zero_gap_closure.TestPdfService" name="test_ttf_files_present" time="0.000" /><testcase classname="tests.test_zero_gap_closure.TestPdfService" name="test_board_brief_generation" time="0.131" /><testcase classname="tests.test_zero_gap_closure.TestPdfService" name="test_board_brief_uses_surface" time="0.002" /><testcase classname="tests.test_zero_gap_closure.TestResetEndpoint" name="test_reset_non_owner_returns_404" time="0.218" /><testcase classname="tests.test_zero_gap_closure.TestUploadCeiling" name="test_max_upload_bytes_constant" time="0.000" /><testcase classname="tests.test_zero_gap_closure.TestUploadCeiling" name="test_oversize_upload_rejected" time="1.098" /></testsuite></testsuites>